<?xml version="1.0" encoding="UTF-8"?>
<testsuite name="TwoferTest" tests="4" skipped="3" failures="0" errors="0" timestamp="2022-03-17T11:16:06" hostname="DESKTOP-O530JK9" time="0.185">
  <properties/>
  <testcase name="noNameGiven" classname="TwoferTest" time="0.182"/>
  <testcase name="emptyStringIsNotTheSameAsNull" classname="TwoferTest" time="0.0">
    <skipped/>
  </testcase>
  <testcase name="aNameGiven" classname="TwoferTest" time="0.0">
    <skipped/>
  </testcase>
  <testcase name="anotherNameGiven" classname="TwoferTest" time="0.0">
    <skipped/>
  </testcase>
  <system-out><![CDATA[]]></system-out>
  <system-err><![CDATA[]]></system-err>
</testsuite>
