<?xml version="1.0" encoding="UTF-8"?>
<testsuite name="RnaTranscriptionTest" tests="6" skipped="1" failures="0" errors="0" timestamp="2022-03-15T13:53:58" hostname="DESKTOP-O530JK9" time="0.081">
  <properties/>
  <testcase name="testRnaTranscriptionOfThymineIsAdenine" classname="RnaTranscriptionTest" time="0.078"/>
  <testcase name="testRnaTranscription" classname="RnaTranscriptionTest" time="0.001"/>
  <testcase name="testRnaTranscriptionOfCytosineIsGuanine" classname="RnaTranscriptionTest" time="0.0"/>
  <testcase name="testEmptyRnaSequence" classname="RnaTranscriptionTest" time="0.0"/>
  <testcase name="testRnaTranscriptionOfGuanineIsCytosine" classname="RnaTranscriptionTest" time="0.0">
    <skipped/>
  </testcase>
  <testcase name="testRnaTranscriptionOfAdenineIsUracil" classname="RnaTranscriptionTest" time="0.0"/>
  <system-out><![CDATA[]]></system-out>
  <system-err><![CDATA[]]></system-err>
</testsuite>
