<?xml version="1.0" encoding="UTF-8"?>
<testsuite name="FactorialChecker" tests="2" skipped="0" failures="0" errors="0" timestamp="2022-03-22T11:20:07" hostname="DESKTOP-O530JK9" time="0.027">
  <properties/>
  <testcase name="shouldReturnOneIfNumberLessThanTwo()" classname="FactorialChecker" time="0.026"/>
  <testcase name="returnFactorialOfNumber()" classname="FactorialChecker" time="0.0"/>
  <system-out><![CDATA[]]></system-out>
  <system-err><![CDATA[]]></system-err>
</testsuite>
